0 info it worked if it ends with ok
1 verbose cli [ 'node', '/usr/local/bin/npm', 'install', '-g', 'grunt' ]
2 info using npm@1.1.33
3 info using node@v0.8.1
4 verbose config file /Users/qipbbn/.npmrc
5 verbose config file /usr/local/etc/npmrc
6 verbose config file /usr/local/lib/node_modules/npm/npmrc
7 verbose read json /usr/local/lib/package.json
8 verbose read json /usr/local/lib/package.json
9 verbose cache add [ 'grunt', null ]
10 silly cache add name=undefined spec="grunt" args=["grunt",null]
11 verbose parsed url { pathname: 'grunt', path: 'grunt', href: 'grunt' }
12 verbose lock grunt /Users/qipbbn/.npm/20ff3fd8b4abdd84c0a0c4e257921cc90af63734-grunt.lock
13 verbose addNamed [ 'grunt', '' ]
14 verbose addNamed [ null, '' ]
15 verbose lock grunt@ /Users/qipbbn/.npm/55f1ff2482d0d4da1518fc36b45a10cccd3ea638-grunt-.lock
16 silly addNameRange { name: 'grunt', range: '', hasData: false }
17 verbose url raw grunt
18 verbose url resolving [ 'https://registry.npmjs.org/', './grunt' ]
19 verbose url resolved https://registry.npmjs.org/grunt
20 info retry registry request attempt 1 at 13:38:32
21 http GET https://registry.npmjs.org/grunt
22 http 200 https://registry.npmjs.org/grunt
23 silly registry.get cb [ 200,
23 silly registry.get   { vary: 'Accept',
23 silly registry.get     server: 'CouchDB/1.2.0 (Erlang OTP/R15B)',
23 silly registry.get     etag: '"B2CD288E5AOVWY5E1A443EP0Z"',
23 silly registry.get     date: 'Thu, 11 Oct 2012 05:38:36 GMT',
23 silly registry.get     'content-type': 'application/json',
23 silly registry.get     'content-length': '142238' } ]
24 silly addNameRange number 2 { name: 'grunt', range: '', hasData: true }
25 silly addNameRange versions [ 'grunt',
25 silly addNameRange   [ '0.1.0',
25 silly addNameRange     '0.1.1',
25 silly addNameRange     '0.1.2',
25 silly addNameRange     '0.2.0',
25 silly addNameRange     '0.2.1',
25 silly addNameRange     '0.2.2',
25 silly addNameRange     '0.2.3',
25 silly addNameRange     '0.2.4',
25 silly addNameRange     '0.2.5',
25 silly addNameRange     '0.2.6',
25 silly addNameRange     '0.2.7',
25 silly addNameRange     '0.2.8',
25 silly addNameRange     '0.2.9',
25 silly addNameRange     '0.2.10',
25 silly addNameRange     '0.2.11',
25 silly addNameRange     '0.2.12',
25 silly addNameRange     '0.2.13',
25 silly addNameRange     '0.2.14',
25 silly addNameRange     '0.2.15',
25 silly addNameRange     '0.3.0',
25 silly addNameRange     '0.3.1',
25 silly addNameRange     '0.3.2',
25 silly addNameRange     '0.3.3',
25 silly addNameRange     '0.3.4',
25 silly addNameRange     '0.3.5',
25 silly addNameRange     '0.3.6',
25 silly addNameRange     '0.3.7',
25 silly addNameRange     '0.3.8',
25 silly addNameRange     '0.3.9',
25 silly addNameRange     '0.3.10',
25 silly addNameRange     '0.3.11',
25 silly addNameRange     '0.3.12',
25 silly addNameRange     '0.3.13a',
25 silly addNameRange     '0.3.13',
25 silly addNameRange     '0.3.14',
25 silly addNameRange     '0.3.15',
25 silly addNameRange     '0.3.16',
25 silly addNameRange     '0.4.0a' ] ]
26 verbose addNamed [ 'grunt', '0.3.16' ]
27 verbose addNamed [ '0.3.16', '0.3.16' ]
28 verbose lock grunt@0.3.16 /Users/qipbbn/.npm/23c908748722abac95559bd0ca510a4f598262ae-grunt-0-3-16.lock
29 verbose lock https://registry.npmjs.org/grunt/-/grunt-0.3.16.tgz /Users/qipbbn/.npm/cf605b76857cff26116e907def33eaebaf765df0-https-registry-npmjs-org-grunt-grunt-0-3-16-tgz.lock
30 verbose addRemoteTarball [ 'https://registry.npmjs.org/grunt/-/grunt-0.3.16.tgz',
30 verbose addRemoteTarball   'a6c99ac3918bb4404201751a0962d02a47e2f507' ]
31 info retry fetch attempt 1 at 13:38:43
32 verbose fetch to= /var/folders/jn/s_z1v1tj4hb1vfk3m9r0vdgm0000gn/T/npm-19382/1349933923861-0.9223935455083847/tmp.tgz
33 http GET https://registry.npmjs.org/grunt/-/grunt-0.3.16.tgz
34 http 200 https://registry.npmjs.org/grunt/-/grunt-0.3.16.tgz
35 silly shasum updated bytes 40960
36 silly shasum updated bytes 40960
37 silly shasum updated bytes 40960
38 silly shasum updated bytes 40960
39 silly shasum updated bytes 26094
40 info shasum a6c99ac3918bb4404201751a0962d02a47e2f507
40 info shasum /var/folders/jn/s_z1v1tj4hb1vfk3m9r0vdgm0000gn/T/npm-19382/1349933923861-0.9223935455083847/tmp.tgz
41 verbose tar unpack /var/folders/jn/s_z1v1tj4hb1vfk3m9r0vdgm0000gn/T/npm-19382/1349933923861-0.9223935455083847/tmp.tgz
42 silly gunzTarPerm modes [ '755', '644' ]
43 silly gunzTarPerm extractEntry package.json
44 silly gunzTarPerm modified mode [ 'package.json', 438, 420 ]
45 silly gunzTarPerm extractEntry .npmignore
46 silly gunzTarPerm modified mode [ '.npmignore', 438, 420 ]
47 silly gunzTarPerm extractEntry README.md
48 silly gunzTarPerm modified mode [ 'README.md', 438, 420 ]
49 silly gunzTarPerm extractEntry grunt.js
50 silly gunzTarPerm modified mode [ 'grunt.js', 438, 420 ]
51 silly gunzTarPerm extractEntry test/fixtures/a.js
52 silly gunzTarPerm modified mode [ 'test/fixtures/a.js', 438, 420 ]
53 silly gunzTarPerm extractEntry test/fixtures/b.js
54 silly gunzTarPerm modified mode [ 'test/fixtures/b.js', 438, 420 ]
55 silly gunzTarPerm extractEntry test/fixtures/banner.js
56 silly gunzTarPerm modified mode [ 'test/fixtures/banner.js', 438, 420 ]
57 silly gunzTarPerm extractEntry test/fixtures/banner2.js
58 silly gunzTarPerm modified mode [ 'test/fixtures/banner2.js', 438, 420 ]
59 silly gunzTarPerm extractEntry test/fixtures/banner3.js
60 silly gunzTarPerm modified mode [ 'test/fixtures/banner3.js', 438, 420 ]
61 silly gunzTarPerm extractEntry test/fixtures/octocat.png
62 silly gunzTarPerm modified mode [ 'test/fixtures/octocat.png', 438, 420 ]
63 silly gunzTarPerm extractEntry test/fixtures/template.txt
64 silly gunzTarPerm modified mode [ 'test/fixtures/template.txt', 438, 420 ]
65 silly gunzTarPerm extractEntry test/fixtures/test.json
66 silly gunzTarPerm modified mode [ 'test/fixtures/test.json', 438, 420 ]
67 silly gunzTarPerm extractEntry test/grunt/file_test.js
68 silly gunzTarPerm modified mode [ 'test/grunt/file_test.js', 438, 420 ]
69 silly gunzTarPerm extractEntry test/grunt/template_test.js
70 silly gunzTarPerm modified mode [ 'test/grunt/template_test.js', 438, 420 ]
71 silly gunzTarPerm extractEntry test/grunt/utils_test.js
72 silly gunzTarPerm modified mode [ 'test/grunt/utils_test.js', 438, 420 ]
73 silly gunzTarPerm extractEntry test/tasks/concat_test.js
74 silly gunzTarPerm modified mode [ 'test/tasks/concat_test.js', 438, 420 ]
75 silly gunzTarPerm extractEntry test/tasks/init_test.js
76 silly gunzTarPerm modified mode [ 'test/tasks/init_test.js', 438, 420 ]
77 silly gunzTarPerm extractEntry test/tasks/misc_test.js
78 silly gunzTarPerm modified mode [ 'test/tasks/misc_test.js', 438, 420 ]
79 silly gunzTarPerm extractEntry test/util/namespace_test.js
80 silly gunzTarPerm modified mode [ 'test/util/namespace_test.js', 438, 420 ]
81 silly gunzTarPerm extractEntry test/util/task_test.js
82 silly gunzTarPerm modified mode [ 'test/util/task_test.js', 438, 420 ]
83 silly gunzTarPerm extractEntry bin/grunt
84 silly gunzTarPerm modified mode [ 'bin/grunt', 511, 493 ]
85 silly gunzTarPerm extractEntry LICENSE-MIT
86 silly gunzTarPerm modified mode [ 'LICENSE-MIT', 438, 420 ]
87 silly gunzTarPerm extractEntry dev/init.exp
88 silly gunzTarPerm modified mode [ 'dev/init.exp', 511, 493 ]
89 silly gunzTarPerm extractEntry docs/README.md
90 silly gunzTarPerm modified mode [ 'docs/README.md', 438, 420 ]
91 silly gunzTarPerm extractEntry docs/getting_started.md
92 silly gunzTarPerm modified mode [ 'docs/getting_started.md', 438, 420 ]
93 silly gunzTarPerm extractEntry docs/api_fail.md
94 silly gunzTarPerm modified mode [ 'docs/api_fail.md', 438, 420 ]
95 silly gunzTarPerm extractEntry docs/api_file.md
96 silly gunzTarPerm modified mode [ 'docs/api_file.md', 438, 420 ]
97 silly gunzTarPerm extractEntry docs/api_log.md
98 silly gunzTarPerm modified mode [ 'docs/api_log.md', 438, 420 ]
99 silly gunzTarPerm extractEntry docs/api_task.md
100 silly gunzTarPerm modified mode [ 'docs/api_task.md', 438, 420 ]
101 silly gunzTarPerm extractEntry docs/api_template.md
102 silly gunzTarPerm modified mode [ 'docs/api_template.md', 438, 420 ]
103 silly gunzTarPerm extractEntry docs/api_utils.md
104 silly gunzTarPerm modified mode [ 'docs/api_utils.md', 438, 420 ]
105 silly gunzTarPerm extractEntry docs/contributing.md
106 silly gunzTarPerm modified mode [ 'docs/contributing.md', 438, 420 ]
107 silly gunzTarPerm extractEntry docs/example_gruntfiles.md
108 silly gunzTarPerm modified mode [ 'docs/example_gruntfiles.md', 438, 420 ]
109 silly gunzTarPerm extractEntry docs/exit_codes.md
110 silly gunzTarPerm modified mode [ 'docs/exit_codes.md', 438, 420 ]
111 silly gunzTarPerm extractEntry docs/faq.md
112 silly gunzTarPerm modified mode [ 'docs/faq.md', 438, 420 ]
113 silly gunzTarPerm extractEntry docs/api_config.md
114 silly gunzTarPerm modified mode [ 'docs/api_config.md', 438, 420 ]
115 silly gunzTarPerm extractEntry docs/helpers_directives.md
116 silly gunzTarPerm modified mode [ 'docs/helpers_directives.md', 438, 420 ]
117 silly gunzTarPerm extractEntry docs/plugins.md
118 silly gunzTarPerm modified mode [ 'docs/plugins.md', 438, 420 ]
119 silly gunzTarPerm extractEntry docs/api.md
120 silly gunzTarPerm modified mode [ 'docs/api.md', 438, 420 ]
121 silly gunzTarPerm extractEntry docs/task_concat.md
122 silly gunzTarPerm modified mode [ 'docs/task_concat.md', 438, 420 ]
123 silly gunzTarPerm extractEntry docs/task_init.md
124 silly gunzTarPerm modified mode [ 'docs/task_init.md', 438, 420 ]
125 silly gunzTarPerm extractEntry docs/task_lint.md
126 silly gunzTarPerm modified mode [ 'docs/task_lint.md', 438, 420 ]
127 silly gunzTarPerm extractEntry docs/task_min.md
128 silly gunzTarPerm modified mode [ 'docs/task_min.md', 438, 420 ]
129 silly gunzTarPerm extractEntry docs/task_qunit.md
130 silly gunzTarPerm modified mode [ 'docs/task_qunit.md', 438, 420 ]
131 silly gunzTarPerm extractEntry docs/task_server.md
132 silly gunzTarPerm modified mode [ 'docs/task_server.md', 438, 420 ]
133 silly gunzTarPerm extractEntry docs/toc.md
134 silly gunzTarPerm modified mode [ 'docs/toc.md', 438, 420 ]
135 silly gunzTarPerm extractEntry docs/types_of_tasks.md
136 silly gunzTarPerm modified mode [ 'docs/types_of_tasks.md', 438, 420 ]
137 silly gunzTarPerm extractEntry tasks/concat.js
138 silly gunzTarPerm modified mode [ 'tasks/concat.js', 438, 420 ]
139 silly gunzTarPerm extractEntry tasks/init.js
140 silly gunzTarPerm modified mode [ 'tasks/init.js', 438, 420 ]
141 silly gunzTarPerm extractEntry tasks/lint.js
142 silly gunzTarPerm modified mode [ 'tasks/lint.js', 438, 420 ]
143 silly gunzTarPerm extractEntry tasks/min.js
144 silly gunzTarPerm modified mode [ 'tasks/min.js', 438, 420 ]
145 silly gunzTarPerm extractEntry tasks/test.js
146 silly gunzTarPerm modified mode [ 'tasks/test.js', 438, 420 ]
147 silly gunzTarPerm extractEntry tasks/server.js
148 silly gunzTarPerm modified mode [ 'tasks/server.js', 438, 420 ]
149 silly gunzTarPerm extractEntry tasks/qunit.js
150 silly gunzTarPerm modified mode [ 'tasks/qunit.js', 438, 420 ]
151 silly gunzTarPerm extractEntry tasks/watch.js
152 silly gunzTarPerm modified mode [ 'tasks/watch.js', 438, 420 ]
153 silly gunzTarPerm extractEntry tasks/misc.js
154 silly gunzTarPerm modified mode [ 'tasks/misc.js', 438, 420 ]
155 silly gunzTarPerm extractEntry tasks/qunit/phantom.js
156 silly gunzTarPerm modified mode [ 'tasks/qunit/phantom.js', 438, 420 ]
157 silly gunzTarPerm extractEntry tasks/qunit/qunit.js
158 silly gunzTarPerm modified mode [ 'tasks/qunit/qunit.js', 438, 420 ]
159 silly gunzTarPerm extractEntry tasks/qunit/phantom.json
160 silly gunzTarPerm modified mode [ 'tasks/qunit/phantom.json', 438, 420 ]
161 silly gunzTarPerm extractEntry tasks/init/node.js
162 silly gunzTarPerm modified mode [ 'tasks/init/node.js', 438, 420 ]
163 silly gunzTarPerm extractEntry tasks/init/gruntfile.js
164 silly gunzTarPerm modified mode [ 'tasks/init/gruntfile.js', 438, 420 ]
165 silly gunzTarPerm extractEntry tasks/init/gruntplugin.js
166 silly gunzTarPerm modified mode [ 'tasks/init/gruntplugin.js', 438, 420 ]
167 silly gunzTarPerm extractEntry tasks/init/commonjs.js
168 silly gunzTarPerm modified mode [ 'tasks/init/commonjs.js', 438, 420 ]
169 silly gunzTarPerm extractEntry tasks/init/jquery.js
170 silly gunzTarPerm modified mode [ 'tasks/init/jquery.js', 438, 420 ]
171 silly gunzTarPerm extractEntry tasks/init/gruntfile/root/grunt.js
172 silly gunzTarPerm modified mode [ 'tasks/init/gruntfile/root/grunt.js', 438, 420 ]
173 silly gunzTarPerm extractEntry tasks/init/commonjs/rename.json
174 silly gunzTarPerm modified mode [ 'tasks/init/commonjs/rename.json', 438, 420 ]
175 silly gunzTarPerm extractEntry tasks/init/commonjs/root/.npmignore
176 silly gunzTarPerm modified mode [ 'tasks/init/commonjs/root/.npmignore', 438, 420 ]
177 silly gunzTarPerm extractEntry tasks/init/commonjs/root/README.md
178 silly gunzTarPerm modified mode [ 'tasks/init/commonjs/root/README.md', 438, 420 ]
179 silly gunzTarPerm extractEntry tasks/init/commonjs/root/grunt.js
180 silly gunzTarPerm modified mode [ 'tasks/init/commonjs/root/grunt.js', 438, 420 ]
181 silly gunzTarPerm extractEntry tasks/init/commonjs/root/lib/name.js
182 silly gunzTarPerm modified mode [ 'tasks/init/commonjs/root/lib/name.js', 438, 420 ]
183 silly gunzTarPerm extractEntry tasks/init/commonjs/root/test/name_test.js
184 silly gunzTarPerm modified mode [ 'tasks/init/commonjs/root/test/name_test.js', 438, 420 ]
185 silly gunzTarPerm extractEntry tasks/init/gruntplugin/rename.json
186 silly gunzTarPerm modified mode [ 'tasks/init/gruntplugin/rename.json', 438, 420 ]
187 silly gunzTarPerm extractEntry tasks/init/gruntplugin/root/.npmignore
188 silly gunzTarPerm modified mode [ 'tasks/init/gruntplugin/root/.npmignore', 438, 420 ]
189 silly gunzTarPerm extractEntry tasks/init/gruntplugin/root/README.md
190 silly gunzTarPerm modified mode [ 'tasks/init/gruntplugin/root/README.md', 438, 420 ]
191 silly gunzTarPerm extractEntry tasks/init/gruntplugin/root/grunt.js
192 silly gunzTarPerm modified mode [ 'tasks/init/gruntplugin/root/grunt.js', 438, 420 ]
193 silly gunzTarPerm extractEntry tasks/init/gruntplugin/root/bin/name
194 silly gunzTarPerm modified mode [ 'tasks/init/gruntplugin/root/bin/name', 511, 493 ]
195 silly gunzTarPerm extractEntry tasks/init/gruntplugin/root/tasks/name.js
196 silly gunzTarPerm modified mode [ 'tasks/init/gruntplugin/root/tasks/name.js', 438, 420 ]
197 silly gunzTarPerm extractEntry tasks/init/gruntplugin/root/test/name_test.js
198 silly gunzTarPerm modified mode [ 'tasks/init/gruntplugin/root/test/name_test.js', 438, 420 ]
199 silly gunzTarPerm extractEntry tasks/init/licenses/LICENSE-GPL
200 silly gunzTarPerm modified mode [ 'tasks/init/licenses/LICENSE-GPL', 438, 420 ]
201 silly gunzTarPerm extractEntry tasks/init/licenses/LICENSE-MIT
202 silly gunzTarPerm modified mode [ 'tasks/init/licenses/LICENSE-MIT', 438, 420 ]
203 silly gunzTarPerm extractEntry tasks/init/misc/placeholder
204 silly gunzTarPerm modified mode [ 'tasks/init/misc/placeholder', 438, 420 ]
205 silly gunzTarPerm extractEntry tasks/init/node/rename.json
206 silly gunzTarPerm modified mode [ 'tasks/init/node/rename.json', 438, 420 ]
207 silly gunzTarPerm extractEntry tasks/init/node/root/.npmignore
208 silly gunzTarPerm modified mode [ 'tasks/init/node/root/.npmignore', 438, 420 ]
209 silly gunzTarPerm extractEntry tasks/init/node/root/README.md
210 silly gunzTarPerm modified mode [ 'tasks/init/node/root/README.md', 438, 420 ]
211 silly gunzTarPerm extractEntry tasks/init/node/root/grunt.js
212 silly gunzTarPerm modified mode [ 'tasks/init/node/root/grunt.js', 438, 420 ]
213 silly gunzTarPerm extractEntry tasks/init/node/root/lib/name.js
214 silly gunzTarPerm modified mode [ 'tasks/init/node/root/lib/name.js', 438, 420 ]
215 silly gunzTarPerm extractEntry tasks/init/node/root/test/name_test.js
216 silly gunzTarPerm modified mode [ 'tasks/init/node/root/test/name_test.js', 438, 420 ]
217 silly gunzTarPerm extractEntry tasks/init/jquery/rename.json
218 silly gunzTarPerm modified mode [ 'tasks/init/jquery/rename.json', 438, 420 ]
219 silly gunzTarPerm extractEntry tasks/init/jquery/root/README.md
220 silly gunzTarPerm modified mode [ 'tasks/init/jquery/root/README.md', 438, 420 ]
221 silly gunzTarPerm extractEntry tasks/init/jquery/root/grunt.js
222 silly gunzTarPerm modified mode [ 'tasks/init/jquery/root/grunt.js', 438, 420 ]
223 silly gunzTarPerm extractEntry tasks/init/jquery/root/CONTRIBUTING.md
224 silly gunzTarPerm modified mode [ 'tasks/init/jquery/root/CONTRIBUTING.md', 438, 420 ]
225 silly gunzTarPerm extractEntry tasks/init/jquery/root/libs/jquery-loader.js
226 silly gunzTarPerm modified mode [ 'tasks/init/jquery/root/libs/jquery-loader.js', 438, 420 ]
227 silly gunzTarPerm extractEntry tasks/init/jquery/root/libs/jquery/jquery.js
228 silly gunzTarPerm modified mode [ 'tasks/init/jquery/root/libs/jquery/jquery.js', 438, 420 ]
229 silly gunzTarPerm extractEntry tasks/init/jquery/root/libs/qunit/qunit.js
230 silly gunzTarPerm modified mode [ 'tasks/init/jquery/root/libs/qunit/qunit.js', 438, 420 ]
231 silly gunzTarPerm extractEntry tasks/init/jquery/root/libs/qunit/qunit.css
232 silly gunzTarPerm modified mode [ 'tasks/init/jquery/root/libs/qunit/qunit.css', 438, 420 ]
233 silly gunzTarPerm extractEntry tasks/init/jquery/root/src/name.js
234 silly gunzTarPerm modified mode [ 'tasks/init/jquery/root/src/name.js', 438, 420 ]
235 silly gunzTarPerm extractEntry tasks/init/jquery/root/test/name_test.js
236 silly gunzTarPerm modified mode [ 'tasks/init/jquery/root/test/name_test.js', 438, 420 ]
237 silly gunzTarPerm extractEntry tasks/init/jquery/root/test/name.html
238 silly gunzTarPerm modified mode [ 'tasks/init/jquery/root/test/name.html', 438, 420 ]
239 silly gunzTarPerm extractEntry lib/grunt.js
240 silly gunzTarPerm modified mode [ 'lib/grunt.js', 438, 420 ]
241 silly gunzTarPerm extractEntry lib/grunt/cli.js
242 silly gunzTarPerm modified mode [ 'lib/grunt/cli.js', 438, 420 ]
243 silly gunzTarPerm extractEntry lib/grunt/config.js
244 silly gunzTarPerm modified mode [ 'lib/grunt/config.js', 438, 420 ]
245 silly gunzTarPerm extractEntry lib/grunt/fail.js
246 silly gunzTarPerm modified mode [ 'lib/grunt/fail.js', 438, 420 ]
247 silly gunzTarPerm extractEntry lib/grunt/file.js
248 silly gunzTarPerm modified mode [ 'lib/grunt/file.js', 438, 420 ]
249 silly gunzTarPerm extractEntry lib/grunt/help.js
250 silly gunzTarPerm modified mode [ 'lib/grunt/help.js', 438, 420 ]
251 silly gunzTarPerm extractEntry lib/grunt/log.js
252 silly gunzTarPerm modified mode [ 'lib/grunt/log.js', 438, 420 ]
253 silly gunzTarPerm extractEntry lib/grunt/option.js
254 silly gunzTarPerm modified mode [ 'lib/grunt/option.js', 438, 420 ]
255 silly gunzTarPerm extractEntry lib/grunt/task.js
256 silly gunzTarPerm modified mode [ 'lib/grunt/task.js', 438, 420 ]
257 silly gunzTarPerm extractEntry lib/grunt/template.js
258 silly gunzTarPerm modified mode [ 'lib/grunt/template.js', 438, 420 ]
259 silly gunzTarPerm extractEntry lib/grunt/utils.js
260 silly gunzTarPerm modified mode [ 'lib/grunt/utils.js', 438, 420 ]
261 silly gunzTarPerm extractEntry lib/util/findup.js
262 silly gunzTarPerm modified mode [ 'lib/util/findup.js', 438, 420 ]
263 silly gunzTarPerm extractEntry lib/util/namespace.js
264 silly gunzTarPerm modified mode [ 'lib/util/namespace.js', 438, 420 ]
265 silly gunzTarPerm extractEntry lib/util/task.js
266 silly gunzTarPerm modified mode [ 'lib/util/task.js', 438, 420 ]
267 verbose read json /var/folders/jn/s_z1v1tj4hb1vfk3m9r0vdgm0000gn/T/npm-19382/1349933923861-0.9223935455083847/package/package.json
268 verbose from cache /var/folders/jn/s_z1v1tj4hb1vfk3m9r0vdgm0000gn/T/npm-19382/1349933923861-0.9223935455083847/package/package.json
269 verbose tar pack [ '/Users/qipbbn/.npm/grunt/0.3.16/package.tgz',
269 verbose tar pack   '/var/folders/jn/s_z1v1tj4hb1vfk3m9r0vdgm0000gn/T/npm-19382/1349933923861-0.9223935455083847/package' ]
270 verbose tarball /Users/qipbbn/.npm/grunt/0.3.16/package.tgz
271 verbose folder /var/folders/jn/s_z1v1tj4hb1vfk3m9r0vdgm0000gn/T/npm-19382/1349933923861-0.9223935455083847/package
272 verbose tar unpack /Users/qipbbn/.npm/grunt/0.3.16/package.tgz
273 silly gunzTarPerm modes [ '755', '644' ]
274 silly gunzTarPerm extractEntry package.json
275 silly gunzTarPerm extractEntry .npmignore
276 silly gunzTarPerm extractEntry README.md
277 silly gunzTarPerm extractEntry grunt.js
278 silly gunzTarPerm extractEntry test/fixtures/a.js
279 silly gunzTarPerm extractEntry test/fixtures/b.js
280 silly gunzTarPerm extractEntry test/fixtures/banner.js
281 silly gunzTarPerm extractEntry test/fixtures/banner2.js
282 silly gunzTarPerm extractEntry test/fixtures/banner3.js
283 silly gunzTarPerm extractEntry test/fixtures/octocat.png
284 silly gunzTarPerm extractEntry test/fixtures/template.txt
285 silly gunzTarPerm extractEntry test/fixtures/test.json
286 silly gunzTarPerm extractEntry test/grunt/file_test.js
287 silly gunzTarPerm extractEntry test/grunt/template_test.js
288 silly gunzTarPerm extractEntry test/grunt/utils_test.js
289 silly gunzTarPerm extractEntry test/tasks/concat_test.js
290 silly gunzTarPerm extractEntry test/tasks/init_test.js
291 silly gunzTarPerm extractEntry test/tasks/misc_test.js
292 silly gunzTarPerm extractEntry test/util/namespace_test.js
293 silly gunzTarPerm extractEntry test/util/task_test.js
294 silly gunzTarPerm extractEntry bin/grunt
295 silly gunzTarPerm extractEntry LICENSE-MIT
296 silly gunzTarPerm extractEntry dev/init.exp
297 silly gunzTarPerm extractEntry docs/README.md
298 silly gunzTarPerm extractEntry docs/getting_started.md
299 silly gunzTarPerm extractEntry docs/api_fail.md
300 silly gunzTarPerm extractEntry docs/api_file.md
301 silly gunzTarPerm extractEntry docs/api_log.md
302 silly gunzTarPerm extractEntry docs/api_task.md
303 silly gunzTarPerm extractEntry docs/api_template.md
304 silly gunzTarPerm extractEntry docs/api_utils.md
305 silly gunzTarPerm extractEntry docs/contributing.md
306 silly gunzTarPerm extractEntry docs/example_gruntfiles.md
307 silly gunzTarPerm extractEntry docs/exit_codes.md
308 silly gunzTarPerm extractEntry docs/faq.md
309 silly gunzTarPerm extractEntry docs/api_config.md
310 silly gunzTarPerm extractEntry docs/helpers_directives.md
311 silly gunzTarPerm extractEntry docs/plugins.md
312 silly gunzTarPerm extractEntry docs/api.md
313 silly gunzTarPerm extractEntry docs/task_concat.md
314 silly gunzTarPerm extractEntry docs/task_init.md
315 silly gunzTarPerm extractEntry docs/task_lint.md
316 silly gunzTarPerm extractEntry docs/task_min.md
317 silly gunzTarPerm extractEntry docs/task_qunit.md
318 silly gunzTarPerm extractEntry docs/task_server.md
319 silly gunzTarPerm extractEntry docs/toc.md
320 silly gunzTarPerm extractEntry docs/types_of_tasks.md
321 silly gunzTarPerm extractEntry tasks/concat.js
322 silly gunzTarPerm extractEntry tasks/init.js
323 silly gunzTarPerm extractEntry tasks/lint.js
324 silly gunzTarPerm extractEntry tasks/min.js
325 silly gunzTarPerm extractEntry tasks/test.js
326 silly gunzTarPerm extractEntry tasks/server.js
327 silly gunzTarPerm extractEntry tasks/qunit.js
328 silly gunzTarPerm extractEntry tasks/watch.js
329 silly gunzTarPerm extractEntry tasks/misc.js
330 silly gunzTarPerm extractEntry tasks/qunit/phantom.js
331 silly gunzTarPerm extractEntry tasks/qunit/qunit.js
332 silly gunzTarPerm extractEntry tasks/qunit/phantom.json
333 silly gunzTarPerm extractEntry tasks/init/node.js
334 silly gunzTarPerm extractEntry tasks/init/gruntfile.js
335 silly gunzTarPerm extractEntry tasks/init/gruntplugin.js
336 silly gunzTarPerm extractEntry tasks/init/commonjs.js
337 silly gunzTarPerm extractEntry tasks/init/jquery.js
338 silly gunzTarPerm extractEntry tasks/init/gruntfile/root/grunt.js
339 silly gunzTarPerm extractEntry tasks/init/commonjs/rename.json
340 silly gunzTarPerm extractEntry tasks/init/commonjs/root/.npmignore
341 silly gunzTarPerm extractEntry tasks/init/commonjs/root/README.md
342 silly gunzTarPerm extractEntry tasks/init/commonjs/root/grunt.js
343 silly gunzTarPerm extractEntry tasks/init/commonjs/root/lib/name.js
344 silly gunzTarPerm extractEntry tasks/init/commonjs/root/test/name_test.js
345 silly gunzTarPerm extractEntry tasks/init/gruntplugin/rename.json
346 silly gunzTarPerm extractEntry tasks/init/gruntplugin/root/.npmignore
347 silly gunzTarPerm extractEntry tasks/init/gruntplugin/root/README.md
348 silly gunzTarPerm extractEntry tasks/init/gruntplugin/root/grunt.js
349 silly gunzTarPerm extractEntry tasks/init/gruntplugin/root/bin/name
350 silly gunzTarPerm extractEntry tasks/init/gruntplugin/root/tasks/name.js
351 silly gunzTarPerm extractEntry tasks/init/gruntplugin/root/test/name_test.js
352 silly gunzTarPerm extractEntry tasks/init/licenses/LICENSE-GPL
353 silly gunzTarPerm extractEntry tasks/init/licenses/LICENSE-MIT
354 silly gunzTarPerm extractEntry tasks/init/misc/placeholder
355 silly gunzTarPerm extractEntry tasks/init/node/rename.json
356 silly gunzTarPerm extractEntry tasks/init/node/root/.npmignore
357 silly gunzTarPerm extractEntry tasks/init/node/root/README.md
358 silly gunzTarPerm extractEntry tasks/init/node/root/grunt.js
359 silly gunzTarPerm extractEntry tasks/init/node/root/lib/name.js
360 silly gunzTarPerm extractEntry tasks/init/node/root/test/name_test.js
361 silly gunzTarPerm extractEntry tasks/init/jquery/rename.json
362 silly gunzTarPerm extractEntry tasks/init/jquery/root/README.md
363 silly gunzTarPerm extractEntry tasks/init/jquery/root/grunt.js
364 silly gunzTarPerm extractEntry tasks/init/jquery/root/CONTRIBUTING.md
365 silly gunzTarPerm extractEntry tasks/init/jquery/root/libs/jquery-loader.js
366 silly gunzTarPerm extractEntry tasks/init/jquery/root/libs/jquery/jquery.js
367 silly gunzTarPerm extractEntry tasks/init/jquery/root/libs/qunit/qunit.js
368 silly gunzTarPerm extractEntry tasks/init/jquery/root/libs/qunit/qunit.css
369 silly gunzTarPerm extractEntry tasks/init/jquery/root/src/name.js
370 silly gunzTarPerm extractEntry tasks/init/jquery/root/test/name_test.js
371 silly gunzTarPerm extractEntry tasks/init/jquery/root/test/name.html
372 silly gunzTarPerm extractEntry lib/grunt.js
373 silly gunzTarPerm extractEntry lib/grunt/cli.js
374 silly gunzTarPerm extractEntry lib/grunt/config.js
375 silly gunzTarPerm extractEntry lib/grunt/fail.js
376 silly gunzTarPerm extractEntry lib/grunt/file.js
377 silly gunzTarPerm extractEntry lib/grunt/help.js
378 silly gunzTarPerm extractEntry lib/grunt/log.js
379 silly gunzTarPerm extractEntry lib/grunt/option.js
380 silly gunzTarPerm extractEntry lib/grunt/task.js
381 silly gunzTarPerm extractEntry lib/grunt/template.js
382 silly gunzTarPerm extractEntry lib/grunt/utils.js
383 silly gunzTarPerm extractEntry lib/util/findup.js
384 silly gunzTarPerm extractEntry lib/util/namespace.js
385 silly gunzTarPerm extractEntry lib/util/task.js
386 verbose read json /Users/qipbbn/.npm/grunt/0.3.16/package/package.json
387 silly shasum updated bytes 40960
388 silly shasum updated bytes 40960
389 silly shasum updated bytes 40960
390 silly shasum updated bytes 40960
391 silly shasum updated bytes 26085
392 info shasum 1540aa15edd7d5fa400b1730fbcb00a1bf09bf12
392 info shasum /Users/qipbbn/.npm/grunt/0.3.16/package.tgz
393 verbose from cache /Users/qipbbn/.npm/grunt/0.3.16/package/package.json
394 verbose chmod /Users/qipbbn/.npm/grunt/0.3.16/package.tgz 644
395 verbose chown /Users/qipbbn/.npm/grunt/0.3.16/package.tgz [ 501, 20 ]
396 silly resolved [ { name: 'grunt',
396 silly resolved     description: 'A task-based command line build tool for JavaScript projects.',
396 silly resolved     version: '0.3.16',
396 silly resolved     author: { name: '"Cowboy" Ben Alman', url: 'http://benalman.com/' },
396 silly resolved     homepage: 'http://github.com/gruntjs/grunt',
396 silly resolved     repository: { type: 'git', url: 'git://github.com/gruntjs/grunt.git' },
396 silly resolved     bugs: { url: 'http://github.com/gruntjs/grunt/issues' },
396 silly resolved     licenses: [ [Object] ],
396 silly resolved     main: 'lib/grunt',
396 silly resolved     bin: { grunt: 'bin/grunt' },
396 silly resolved     scripts: { test: 'grunt test' },
396 silly resolved     engines: { node: '>= 0.6.0' },
396 silly resolved     preferGlobal: true,
396 silly resolved     keywords:
396 silly resolved      [ 'async',
396 silly resolved        'cli',
396 silly resolved        'minify',
396 silly resolved        'uglify',
396 silly resolved        'build',
396 silly resolved        'underscore',
396 silly resolved        'unit',
396 silly resolved        'test',
396 silly resolved        'qunit',
396 silly resolved        'nodeunit',
396 silly resolved        'server',
396 silly resolved        'init',
396 silly resolved        'scaffold',
396 silly resolved        'make',
396 silly resolved        'jake',
396 silly resolved        'tool' ],
396 silly resolved     dependencies:
396 silly resolved      { async: '~0.1.18',
396 silly resolved        colors: '~0.6.0',
396 silly resolved        connect: '~2.4.4',
396 silly resolved        dateformat: '1.0.2-1.2.3',
396 silly resolved        'glob-whatev': '~0.1.4',
396 silly resolved        hooker: '~0.2.3',
396 silly resolved        jshint: '~0.5.9',
396 silly resolved        nodeunit: '~0.7.4',
396 silly resolved        nopt: '~1.0.10',
396 silly resolved        prompt: '~0.1.12',
396 silly resolved        semver: '~1.0.13',
396 silly resolved        'uglify-js': '~1.3.3',
396 silly resolved        underscore: '~1.2.4',
396 silly resolved        'underscore.string': '~2.1.1',
396 silly resolved        temporary: '~0.0.4',
396 silly resolved        'gzip-js': '~0.3.1' },
396 silly resolved     devDependencies: {},
396 silly resolved     readme: '# grunt\nGrunt is a task-based command line build tool for JavaScript projects.\n\n_Grunt is currently in beta. While I\'m already using it on multiple projects, it might have a minor issue or two. And things might change before its final release, based on your feedback. Please try it out in a project, and [make suggestions][issues] or [report bugs][issues]!_\n\n## Getting started\nBe sure to read the [getting started guide](/gruntjs/grunt/blob/master/docs/getting_started.md), which is a complete guide to configuring grunt for your project. In addition, check out the [example gruntfiles](/gruntjs/grunt/blob/master/docs/example_gruntfiles.md) which highlight a number of fairly common configurations.\n\n## Built-in tasks\nAs of now, grunt has the following predefined tasks that you can use in your project:\n\n* [concat](/gruntjs/grunt/blob/master/docs/task_concat.md) - Concatenate files.\n* [init](/gruntjs/grunt/blob/master/docs/task_init.md) - Generate project scaffolding from a predefined template.\n* [lint](/gruntjs/grunt/blob/master/docs/task_lint.md) - Validate files with [JSHint][jshint].\n* [min](/gruntjs/grunt/blob/master/docs/task_min.md) - Minify files with [UglifyJS][uglify].\n* [qunit](/gruntjs/grunt/blob/master/docs/task_qunit.md) - Run [QUnit][qunit] unit tests in a headless [PhantomJS][phantom] instance.\n* [server](/gruntjs/grunt/blob/master/docs/task_server.md) - Start a static web server.\n* test - Run unit tests with [nodeunit][nodeunit].\n* watch - Run predefined tasks whenever watched files change.\n\n_(More documentation forthcoming)_\n\n## Custom tasks\nIn addition to the built-in tasks, you can create your own tasks. Don\'t like a built-in task\'s default behavior? Override it. Check out the [grunt API documentation](/gruntjs/grunt/blob/master/docs/api.md) and the [built-in tasks source](/gruntjs/grunt/blob/master/tasks) for everything you need to know about creating custom tasks.\n\n## Documentation\nTake a look at the [documentation table of contents][docs] for all the things.\n\n## Why does grunt exist?\nDoing all this stuff manually is a total pain, and building all this stuff into a gigantic Makefile / Jakefile / Cakefile / Rakefile / ?akefile that\'s maintained across all my projects was also becoming a total pain. Since I always found myself performing the same tasks over and over again, for every project, it made sense to build a task-based build tool.\n\nBeing primarily a JavaScript developer, I decided to use [Node.js][node] and [npm][npm] because the dependencies I most care about ([JSHint][jshint] and [UglifyJS][uglify]) were already npm modules. That being said, while Node.js was designed to support highly-concurrent asynchronous-IO-driven web servers, it was clearly NOT designed to make command-line build tools. But none of that matters, because grunt works. Just install it and see.\n\n## Installing grunt\n\nGrunt is available as an [npm][npm] module. If you install grunt globally via `npm install -g grunt`, it will be available for use in all of your projects. Once grunt has been installed, you can type `grunt --help` at the command line for more information. And if you want to see grunt "grunt" itself, cd into grunt\'s directory and type `grunt`\n\n_Note: in Windows, you may need to run grunt as `grunt.cmd`. See the [FAQ](/gruntjs/grunt/blob/master/docs/faq.md) for more Windows-specific information._\n\nFor projects already using grunt, you\'re done. Otherwise, if you\'re adding grunt to an existing project or starting from scratch, check out the [getting started guide](/gruntjs/grunt/blob/master/docs/getting_started.md), which is a complete guide to configuring grunt for your project.\n\n## Release History\n_(Until v1.0.0, this will only be updated when major or breaking changes are made)_\n\n* 2012/10/01 - v0.3.16 - Updated URLs to reflect new website and source location. Tweaks to the "jquery" and "commonjs" init templates. Fixed an issue when exiting due to warning or fatal error.\n* 2012/09/04 - v0.3.15 - Fixing a minor problem with renaming multi tasks.\n* 2012/08/29 - v0.3.14 - Grunt plugins lacking package.json keywords should work again.\n* 2012/08/27 - v0.3.13 - Fixed Node.js 0.8.x path.existsSync warning. Updated connect, nodeunit, uglify-js deps to latest. Updated docs. Grunt plugins generated with init:gruntplugin no longer include grunt as a dependency. Added preliminary support for "collection" plugins.\n* 2012/07/30 - v0.3.12 - Fixing a bug in node 0.8.x where utils.spawn would terminate before receiving all child stdout.\n* 2012/06/25 - v0.3.10 - Updating a few dependencies to work with node 0.8.x (0.6.x should still work).\n* 2012/04/18 - v0.3.9 - The min task (via the uglify helper) now appends a semicolon to the end of the generated source.\n* 2012/04/06 - v0.3.8 - Init template tweaks. Anchor links added to docs, along with grunt-internal docs task to generate them. The watch task now supports multiple targets with separate wildcards and tasks. Locally-installed grunt will override global grunt even when run from global "grunt" script.\n* 2012/04/01 - v0.3.7 - Tweaked the behavior of the init template `exports.warnOn` property and added more init template documentation. Fixed duplicate PhantomJS debug output in qunit task. Added useful nodeunit and qunit comments into init template generated test .js files.\n* 2012/03/28 - v0.3.6 - Fixed a `--help` screen issue, a few grunt plugin related issues, and attempted to improve the overall grunt plugin docs and API.\n* 2012/03/27 - v0.3.5 - Fixed a handful of weird Windows issues. Changed default m/d/yyyy dates to yyyy-mm-dd ISO 8601. Fixed some init task bugs, docs errata, and added a lot more content to the init task docs.\n* 2012/03/26 - v0.3.3 - Added a "gruntfile" init template. Create a basic gruntfile in seconds with `grunt init:gruntfile`. A few other minor fixes.\n* 2012/03/25 - v0.3.2 - Init tasks can now specify a file matching wildcard for the initial "files exist" warning. The jQuery init template now has jQuery 1.7.2. Fixed a bug in the `task.expand*` methods.\n* 2012/03/25 - v0.3.1 - Added a few methods. Substantially reworked the init task and templates.\n* 2012/03/23 - v0.3.0 - Too many changes to list. But in brief: completely reorganized the API, removed all globals, added docs and examples for nearly everything, built a preliminary plugin system (that still needs to be tested). PLEASE RTFM OK? THX U.\n* 2012/02/03 - v0.2.14 - Added a server task (which starts a static webserver for your tasks). The qunit task now uses PhantomJS instead of Zombie.js (4768 of 4971 jQuery unit test pass, neat), and supports both file wildcards as well as http:// or https:// urls. (static webserver, anyone?). Grunt should no longer "hang" when done.\n* 2012/01/29 - v0.2.5 - Added a "qunit" task as well as an init "jquery" template (as of now, there are also "node" and "commonjs" init templates).\n* 2012/01/22 - v0.2.1 - Removed handlebars, templates are universally handled by underscore now. Changed init task template tags from <% %> to {% %}. Banners beginning with /*! will no longer be stripped.\n* 2012/01/22 - v0.2.0 - Added "init" task with a sample template, reworked a lot of code. Hopefully it\'s backwards-compatible.\n* 2012/01/11 - v0.1.0 - Initial release.\n\n## License\nCopyright (c) 2012 "Cowboy" Ben Alman  \nLicensed under the MIT license.  \n<https://github.com/gruntjs/grunt/blob/master/LICENSE-MIT>\n\n\n[docs]: /gruntjs/grunt/blob/master/docs/toc.md\n[docs-init]: /gruntjs/grunt/blob/master/docs/task_init.md\n[issues]: /gruntjs/grunt/issues\n\n[node]: http://nodejs.org/\n[npm]: http://npmjs.org/\n[jshint]: http://www.jshint.com/\n[uglify]: https://github.com/mishoo/UglifyJS/\n[nodeunit]: https://github.com/caolan/nodeunit\n[qunit]: http://docs.jquery.com/QUnit\n[phantom]: http://www.phantomjs.org/\n',
396 silly resolved     _id: 'grunt@0.3.16',
396 silly resolved     dist: { shasum: '1540aa15edd7d5fa400b1730fbcb00a1bf09bf12' },
396 silly resolved     _from: 'grunt' } ]
397 info install grunt@0.3.16 into /usr/local/lib
398 info installOne grunt@0.3.16
399 verbose from cache /Users/qipbbn/.npm/grunt/0.3.16/package/package.json
400 info /usr/local/lib/node_modules/grunt unbuild
401 verbose read json /usr/local/lib/node_modules/grunt/package.json
402 verbose tar unpack /Users/qipbbn/.npm/grunt/0.3.16/package.tgz
403 silly gunzTarPerm modes [ '755', '644' ]
404 error Error: EACCES, mkdir '/usr/local/lib/node_modules/grunt'
404 error  { [Error: EACCES, mkdir '/usr/local/lib/node_modules/grunt']
404 error   errno: 3,
404 error   code: 'EACCES',
404 error   path: '/usr/local/lib/node_modules/grunt',
404 error   fstream_type: 'Directory',
404 error   fstream_path: '/usr/local/lib/node_modules/grunt',
404 error   fstream_class: 'DirWriter',
404 error   fstream_stack:
404 error    [ 'DirWriter._create (/usr/local/lib/node_modules/npm/node_modules/fstream/lib/dir-writer.js:36:23)',
404 error      '/usr/local/lib/node_modules/npm/node_modules/mkdirp/index.js:51:17',
404 error      'Object.oncomplete (fs.js:297:15)' ] }
405 error Please try running this command again as root/Administrator.
406 error System Darwin 12.2.0
407 error command "node" "/usr/local/bin/npm" "install" "-g" "grunt"
408 error cwd /Users/qipbbn/lab/rating-app
409 error node -v v0.8.1
410 error npm -v 1.1.33
411 error path /usr/local/lib/node_modules/grunt
412 error fstream_path /usr/local/lib/node_modules/grunt
413 error fstream_type Directory
414 error fstream_class DirWriter
415 error code EACCES
416 error message EACCES, mkdir '/usr/local/lib/node_modules/grunt'
417 error errno 3
418 error fstream_stack DirWriter._create (/usr/local/lib/node_modules/npm/node_modules/fstream/lib/dir-writer.js:36:23)
418 error fstream_stack /usr/local/lib/node_modules/npm/node_modules/mkdirp/index.js:51:17
418 error fstream_stack Object.oncomplete (fs.js:297:15)
419 error 3 errno
420 verbose exit [ 3, true ]
